[2026-02-14T15:46:26+00:00] finalList=["ABC123"] symbology=code128
[2026-02-14T15:46:26+00:00] processing=ABC123 symbology=code128
[2026-02-14T15:46:26+00:00] encodeCode128B input_chars=["A","B","C","1","2","3"] ords=[65,66,67,49,50,51]
[2026-02-14T15:46:26+00:00] code128 sequence=[104,33,34,35,17,18,19,67,106]
[2026-02-14T15:46:26+00:00] encodeCode128B for ABC123 returned=9
[2026-02-14T15:46:26+00:00] renderFromPatternSequence returned_resource=0
[2026-02-14T15:47:38+00:00] finalList=["TST1000","TST1001","TST1002"] symbology=code128
[2026-02-14T15:47:38+00:00] processing=TST1000 symbology=code128
[2026-02-14T15:47:38+00:00] encodeCode128B input_chars=["T","S","T","1","0","0","0"] ords=[84,83,84,49,48,48,48]
[2026-02-14T15:47:38+00:00] code128 sequence=[104,52,51,52,17,16,16,16,49,106]
[2026-02-14T15:47:38+00:00] encodeCode128B for TST1000 returned=10
[2026-02-14T15:47:38+00:00] renderFromPatternSequence returned_resource=0
[2026-02-14T15:47:38+00:00] processing=TST1001 symbology=code128
[2026-02-14T15:47:38+00:00] encodeCode128B input_chars=["T","S","T","1","0","0","1"] ords=[84,83,84,49,48,48,49]
[2026-02-14T15:47:38+00:00] code128 sequence=[104,52,51,52,17,16,16,17,56,106]
[2026-02-14T15:47:38+00:00] encodeCode128B for TST1001 returned=10
[2026-02-14T15:47:38+00:00] renderFromPatternSequence returned_resource=0
[2026-02-14T15:47:38+00:00] processing=TST1002 symbology=code128
[2026-02-14T15:47:38+00:00] encodeCode128B input_chars=["T","S","T","1","0","0","2"] ords=[84,83,84,49,48,48,50]
[2026-02-14T15:47:38+00:00] code128 sequence=[104,52,51,52,17,16,16,18,63,106]
[2026-02-14T15:47:38+00:00] encodeCode128B for TST1002 returned=10
[2026-02-14T15:47:38+00:00] renderFromPatternSequence returned_resource=0
[2026-02-14T15:49:14+00:00] finalList=["TST1000","TST1001","TST1002"] symbology=code128
[2026-02-14T15:49:14+00:00] processing=TST1000 symbology=code128
[2026-02-14T15:49:14+00:00] encodeCode128B input_chars=["T","S","T","1","0","0","0"] ords=[84,83,84,49,48,48,48]
[2026-02-14T15:49:14+00:00] code128 sequence=[104,52,51,52,17,16,16,16,49,106]
[2026-02-14T15:49:14+00:00] encodeCode128B for TST1000 returned=10
[2026-02-14T15:49:14+00:00] renderFromPatternSequence returned_resource=0
[2026-02-14T15:49:14+00:00] processing=TST1001 symbology=code128
[2026-02-14T15:49:14+00:00] encodeCode128B input_chars=["T","S","T","1","0","0","1"] ords=[84,83,84,49,48,48,49]
[2026-02-14T15:49:14+00:00] code128 sequence=[104,52,51,52,17,16,16,17,56,106]
[2026-02-14T15:49:14+00:00] encodeCode128B for TST1001 returned=10
[2026-02-14T15:49:14+00:00] renderFromPatternSequence returned_resource=0
[2026-02-14T15:49:14+00:00] processing=TST1002 symbology=code128
[2026-02-14T15:49:14+00:00] encodeCode128B input_chars=["T","S","T","1","0","0","2"] ords=[84,83,84,49,48,48,50]
[2026-02-14T15:49:14+00:00] code128 sequence=[104,52,51,52,17,16,16,18,63,106]
[2026-02-14T15:49:14+00:00] encodeCode128B for TST1002 returned=10
[2026-02-14T15:49:14+00:00] renderFromPatternSequence returned_resource=0
